Determining if the pthread_create exist failed with the following output:
Change Dir: /home/davlee/ROS_ws/kuka_arm/src/build/CMakeFiles/CMakeTmp

Run Build Command:"/usr/bin/make" "cmTC_7f6a7/fast"
/usr/bin/make -f CMakeFiles/cmTC_7f6a7.dir/build.make CMakeFiles/cmTC_7f6a7.dir/build
make[1]: Entering directory '/home/davlee/ROS_ws/kuka_arm/src/build/CMakeFiles/CMakeTmp'
Building C object CMakeFiles/cmTC_7f6a7.dir/CheckSymbolExists.c.o
/usr/bin/x86_64-linux-gnu-gcc-5     -o CMakeFiles/cmTC_7f6a7.dir/CheckSymbolExists.c.o   -c /home/davlee/ROS_ws/kuka_arm/src/build/CMakeFiles/CMakeTmp/CheckSymbolExists.c
Linking C executable cmTC_7f6a7
/usr/bin/cmake -E cmake_link_script CMakeFiles/cmTC_7f6a7.dir/link.txt --verbose=1
/usr/bin/x86_64-linux-gnu-gcc-5       CMakeFiles/cmTC_7f6a7.dir/CheckSymbolExists.c.o  -o cmTC_7f6a7 -rdynamic 
CMakeFiles/cmTC_7f6a7.dir/CheckSymbolExists.c.o: In function `main':
CheckSymbolExists.c:(.text+0x16): undefined reference to `pthread_create'
collect2: error: ld returned 1 exit status
CMakeFiles/cmTC_7f6a7.dir/build.make:97: recipe for target 'cmTC_7f6a7' failed
make[1]: *** [cmTC_7f6a7] Error 1
make[1]: Leaving directory '/home/davlee/ROS_ws/kuka_arm/src/build/CMakeFiles/CMakeTmp'
Makefile:126: recipe for target 'cmTC_7f6a7/fast' failed
make: *** [cmTC_7f6a7/fast] Error 2

File /home/davlee/ROS_ws/kuka_arm/src/build/CMakeFiles/CMakeTmp/CheckSymbolExists.c:
/* */
#include <pthread.h>

int main(int argc, char** argv)
{
  (void)argv;
#ifndef pthread_create
  return ((int*)(&pthread_create))[argc];
#else
  (void)argc;
  return 0;
#endif
}

Determining if the function pthread_create exists in the pthreads failed with the following output:
Change Dir: /home/davlee/ROS_ws/kuka_arm/src/build/CMakeFiles/CMakeTmp

Run Build Command:"/usr/bin/make" "cmTC_fec1b/fast"
/usr/bin/make -f CMakeFiles/cmTC_fec1b.dir/build.make CMakeFiles/cmTC_fec1b.dir/build
make[1]: Entering directory '/home/davlee/ROS_ws/kuka_arm/src/build/CMakeFiles/CMakeTmp'
Building C object CMakeFiles/cmTC_fec1b.dir/CheckFunctionExists.c.o
/usr/bin/x86_64-linux-gnu-gcc-5    -DCHECK_FUNCTION_EXISTS=pthread_create   -o CMakeFiles/cmTC_fec1b.dir/CheckFunctionExists.c.o   -c /usr/share/cmake-3.5/Modules/CheckFunctionExists.c
Linking C executable cmTC_fec1b
/usr/bin/cmake -E cmake_link_script CMakeFiles/cmTC_fec1b.dir/link.txt --verbose=1
/usr/bin/x86_64-linux-gnu-gcc-5   -DCHECK_FUNCTION_EXISTS=pthread_create    CMakeFiles/cmTC_fec1b.dir/CheckFunctionExists.c.o  -o cmTC_fec1b -rdynamic -lpthreads 
/usr/bin/ld: cannot find -lpthreads
collect2: error: ld returned 1 exit status
CMakeFiles/cmTC_fec1b.dir/build.make:97: recipe for target 'cmTC_fec1b' failed
make[1]: *** [cmTC_fec1b] Error 1
make[1]: Leaving directory '/home/davlee/ROS_ws/kuka_arm/src/build/CMakeFiles/CMakeTmp'
Makefile:126: recipe for target 'cmTC_fec1b/fast' failed
make: *** [cmTC_fec1b/fast] Error 2


